
*** Running vivado
    with args -log Lab7_Top_Level.vdi -applog -m64 -product Vivado -messageDb vivado.pb -mode batch -source Lab7_Top_Level.tcl -notrace



****** Vivado v2024.2 (64-bit)
  **** SW Build 5239630 on Fri Nov 08 22:35:27 MST 2024
  **** IP Build 5239520 on Sun Nov 10 16:12:51 MST 2024
  **** SharedData Build 5239561 on Fri Nov 08 14:39:27 MST 2024
  **** Start of session at: Thu Dec  4 14:21:37 2025
    ** Copyright 1986-2022 Xilinx, Inc. All Rights Reserved.
    ** Copyright 2022-2024 Advanced Micro Devices, Inc. All Rights Reserved.

source Lab7_Top_Level.tcl -notrace
Command: link_design -top Lab7_Top_Level -part xc7a35tcpg236-1
Design is defaulting to srcset: sources_1
Design is defaulting to constrset: constrs_1
INFO: [Device 21-403] Loading part xc7a35tcpg236-1
INFO: [Project 1-454] Reading design checkpoint 'c:/git/ENEL-453-Final-Project/ENEL 453 Final Project/ENEL 453 Final Project.gen/sources_1/ip/xadc_wiz_0/xadc_wiz_0.dcp' for cell 'XADC_subsystem_inst/XADC_INST'
Netlist sorting complete. Time (s): cpu = 00:00:00 ; elapsed = 00:00:00.011 . Memory (MB): peak = 579.254 ; gain = 0.000
INFO: [Netlist 29-17] Analyzing 71 Unisim elements for replacement
INFO: [Netlist 29-28] Unisim Transformation completed in 0 CPU seconds
INFO: [Project 1-479] Netlist was created with Vivado 2024.2
INFO: [Project 1-570] Preparing netlist for logic optimization
Parsing XDC File [c:/git/ENEL-453-Final-Project/ENEL 453 Final Project/ENEL 453 Final Project.gen/sources_1/ip/xadc_wiz_0/xadc_wiz_0.xdc] for cell 'XADC_subsystem_inst/XADC_INST/inst'
Finished Parsing XDC File [c:/git/ENEL-453-Final-Project/ENEL 453 Final Project/ENEL 453 Final Project.gen/sources_1/ip/xadc_wiz_0/xadc_wiz_0.xdc] for cell 'XADC_subsystem_inst/XADC_INST/inst'
Parsing XDC File [C:/git/ENEL-453-Final-Project/Basys3_Lab_7.xdc]
Finished Parsing XDC File [C:/git/ENEL-453-Final-Project/Basys3_Lab_7.xdc]
INFO: [Opt 31-138] Pushed 0 inverter(s) to 0 load pin(s).
Netlist sorting complete. Time (s): cpu = 00:00:00 ; elapsed = 00:00:00.001 . Memory (MB): peak = 733.742 ; gain = 0.000
INFO: [Project 1-111] Unisim Transformation Summary:
No Unisim elements were transformed.

8 Infos, 0 Warnings, 0 Critical Warnings and 0 Errors encountered.
link_design completed successfully
Command: opt_design
Attempting to get a license for feature 'Implementation' and/or device 'xc7a35t'
INFO: [Common 17-349] Got license for feature 'Implementation' and/or device 'xc7a35t'
Running DRC as a precondition to command opt_design

Starting DRC Task
INFO: [DRC 23-27] Running DRC with 2 threads
INFO: [Project 1-461] DRC finished with 0 Errors
INFO: [Project 1-462] Please refer to the DRC report (report_drc) for more information.

Time (s): cpu = 00:00:02 ; elapsed = 00:00:01 . Memory (MB): peak = 768.910 ; gain = 35.168

Starting Cache Timing Information Task
INFO: [Timing 38-35] Done setting XDC timing constraints.
Ending Cache Timing Information Task | Checksum: 205e9ff29

Time (s): cpu = 00:00:04 ; elapsed = 00:00:05 . Memory (MB): peak = 1244.164 ; gain = 475.254

Starting Logic Optimization Task

Phase 1 Initialization

Phase 1.1 Core Generation And Design Setup
Phase 1.1 Core Generation And Design Setup | Checksum: 205e9ff29

Time (s): cpu = 00:00:00 ; elapsed = 00:00:00.002 . Memory (MB): peak = 1648.055 ; gain = 0.000

Phase 1.2 Setup Constraints And Sort Netlist
Phase 1.2 Setup Constraints And Sort Netlist | Checksum: 205e9ff29

Time (s): cpu = 00:00:00 ; elapsed = 00:00:00.003 . Memory (MB): peak = 1648.055 ; gain = 0.000
Phase 1 Initialization | Checksum: 205e9ff29

Time (s): cpu = 00:00:00 ; elapsed = 00:00:00.004 . Memory (MB): peak = 1648.055 ; gain = 0.000

Phase 2 Timer Update And Timing Data Collection

Phase 2.1 Timer Update
Phase 2.1 Timer Update | Checksum: 205e9ff29

Time (s): cpu = 00:00:00 ; elapsed = 00:00:00.023 . Memory (MB): peak = 1648.055 ; gain = 0.000

Phase 2.2 Timing Data Collection
Phase 2.2 Timing Data Collection | Checksum: 205e9ff29

Time (s): cpu = 00:00:00 ; elapsed = 00:00:00.027 . Memory (MB): peak = 1648.055 ; gain = 0.000
Phase 2 Timer Update And Timing Data Collection | Checksum: 205e9ff29

Time (s): cpu = 00:00:00 ; elapsed = 00:00:00.028 . Memory (MB): peak = 1648.055 ; gain = 0.000

Phase 3 Retarget
INFO: [Opt 31-1851] Number of loadless carry chains removed were: 0
INFO: [Opt 31-1834] Total Chains To Be Transformed Were: 0 AND Number of Transformed insts Created are: 0
INFO: [Opt 31-1566] Pulled 2 inverters resulting in an inversion of 34 pins
INFO: [Opt 31-138] Pushed 0 inverter(s) to 0 load pin(s).
INFO: [Opt 31-49] Retargeted 0 cell(s).
Phase 3 Retarget | Checksum: 28c793f7d

Time (s): cpu = 00:00:00 ; elapsed = 00:00:00.045 . Memory (MB): peak = 1648.055 ; gain = 0.000
Retarget | Checksum: 28c793f7d
INFO: [Opt 31-389] Phase Retarget created 0 cells and removed 2 cells

Phase 4 Constant propagation
INFO: [Opt 31-138] Pushed 0 inverter(s) to 0 load pin(s).
Phase 4 Constant propagation | Checksum: 28c793f7d

Time (s): cpu = 00:00:00 ; elapsed = 00:00:00.052 . Memory (MB): peak = 1648.055 ; gain = 0.000
Constant propagation | Checksum: 28c793f7d
INFO: [Opt 31-389] Phase Constant propagation created 0 cells and removed 0 cells

Phase 5 Sweep
INFO: [Constraints 18-11670] Building netlist checker database with flags, 0x8
Done building netlist checker database: Time (s): cpu = 00:00:00 ; elapsed = 00:00:00 . Memory (MB): peak = 1648.055 ; gain = 0.000
INFO: [Constraints 18-11670] Building netlist checker database with flags, 0x8
Done building netlist checker database: Time (s): cpu = 00:00:00 ; elapsed = 00:00:00.001 . Memory (MB): peak = 1648.055 ; gain = 0.000
Phase 5 Sweep | Checksum: 2a7c30738

Time (s): cpu = 00:00:00 ; elapsed = 00:00:00.064 . Memory (MB): peak = 1648.055 ; gain = 0.000
Sweep | Checksum: 2a7c30738
INFO: [Opt 31-389] Phase Sweep created 0 cells and removed 0 cells

Phase 6 BUFG optimization
Phase 6 BUFG optimization | Checksum: 2a7c30738

Time (s): cpu = 00:00:00 ; elapsed = 00:00:00.089 . Memory (MB): peak = 1648.055 ; gain = 0.000
BUFG optimization | Checksum: 2a7c30738
INFO: [Opt 31-662] Phase BUFG optimization created 0 cells of which 0 are BUFGs and removed 0 cells.

Phase 7 Shift Register Optimization
INFO: [Opt 31-1064] SRL Remap converted 0 SRLs to 0 registers and converted 0 registers of register chains to 0 SRLs
Phase 7 Shift Register Optimization | Checksum: 370856964

Time (s): cpu = 00:00:00 ; elapsed = 00:00:00.097 . Memory (MB): peak = 1648.055 ; gain = 0.000
Shift Register Optimization | Checksum: 370856964
INFO: [Opt 31-389] Phase Shift Register Optimization created 0 cells and removed 0 cells

Phase 8 Post Processing Netlist
Phase 8 Post Processing Netlist | Checksum: 351366c54

Time (s): cpu = 00:00:00 ; elapsed = 00:00:00.101 . Memory (MB): peak = 1648.055 ; gain = 0.000
Post Processing Netlist | Checksum: 351366c54
INFO: [Opt 31-389] Phase Post Processing Netlist created 0 cells and removed 0 cells

Phase 9 Finalization

Phase 9.1 Finalizing Design Cores and Updating Shapes
Phase 9.1 Finalizing Design Cores and Updating Shapes | Checksum: 2e3393eff

Time (s): cpu = 00:00:00 ; elapsed = 00:00:00.134 . Memory (MB): peak = 1648.055 ; gain = 0.000

Phase 9.2 Verifying Netlist Connectivity

Starting Connectivity Check Task

Time (s): cpu = 00:00:00 ; elapsed = 00:00:00.004 . Memory (MB): peak = 1648.055 ; gain = 0.000
Phase 9.2 Verifying Netlist Connectivity | Checksum: 2e3393eff

Time (s): cpu = 00:00:00 ; elapsed = 00:00:00.139 . Memory (MB): peak = 1648.055 ; gain = 0.000
Phase 9 Finalization | Checksum: 2e3393eff

Time (s): cpu = 00:00:00 ; elapsed = 00:00:00.139 . Memory (MB): peak = 1648.055 ; gain = 0.000
Opt_design Change Summary
=========================


-------------------------------------------------------------------------------------------------------------------------
|  Phase                        |  #Cells created  |  #Cells Removed  |  #Constrained objects preventing optimizations  |
-------------------------------------------------------------------------------------------------------------------------
|  Retarget                     |               0  |               2  |                                              0  |
|  Constant propagation         |               0  |               0  |                                              0  |
|  Sweep                        |               0  |               0  |                                              0  |
|  BUFG optimization            |               0  |               0  |                                              0  |
|  Shift Register Optimization  |               0  |               0  |                                              0  |
|  Post Processing Netlist      |               0  |               0  |                                              0  |
-------------------------------------------------------------------------------------------------------------------------


Ending Logic Optimization Task | Checksum: 2e3393eff

Time (s): cpu = 00:00:00 ; elapsed = 00:00:00.140 . Memory (MB): peak = 1648.055 ; gain = 0.000

Starting Power Optimization Task
INFO: [Pwropt 34-132] Skipping clock gating for clocks with a period < 2.00 ns.
Ending Power Optimization Task | Checksum: 2e3393eff

Time (s): cpu = 00:00:00 ; elapsed = 00:00:00.005 . Memory (MB): peak = 1648.055 ; gain = 0.000

Starting Final Cleanup Task
Ending Final Cleanup Task | Checksum: 2e3393eff

Time (s): cpu = 00:00:00 ; elapsed = 00:00:00.001 . Memory (MB): peak = 1648.055 ; gain = 0.000

Starting Netlist Obfuscation Task
Netlist sorting complete. Time (s): cpu = 00:00:00 ; elapsed = 00:00:00 . Memory (MB): peak = 1648.055 ; gain = 0.000
Ending Netlist Obfuscation Task | Checksum: 2e3393eff

Time (s): cpu = 00:00:00 ; elapsed = 00:00:00 . Memory (MB): peak = 1648.055 ; gain = 0.000
INFO: [Common 17-83] Releasing license: Implementation
30 Infos, 0 Warnings, 0 Critical Warnings and 0 Errors encountered.
opt_design completed successfully
opt_design: Time (s): cpu = 00:00:08 ; elapsed = 00:00:08 . Memory (MB): peak = 1648.055 ; gain = 914.312
INFO: [Vivado 12-24828] Executing command : report_drc -file Lab7_Top_Level_drc_opted.rpt -pb Lab7_Top_Level_drc_opted.pb -rpx Lab7_Top_Level_drc_opted.rpx
Command: report_drc -file Lab7_Top_Level_drc_opted.rpt -pb Lab7_Top_Level_drc_opted.pb -rpx Lab7_Top_Level_drc_opted.rpx
INFO: [IP_Flow 19-1839] IP Catalog is up to date.
INFO: [DRC 23-27] Running DRC with 2 threads
INFO: [Vivado_Tcl 2-168] The results of DRC are in file C:/git/ENEL-453-Final-Project/ENEL 453 Final Project/ENEL 453 Final Project.runs/impl_1/Lab7_Top_Level_drc_opted.rpt.
report_drc completed successfully
INFO: [Timing 38-480] Writing timing data to binary archive.
Write ShapeDB Complete: Time (s): cpu = 00:00:00 ; elapsed = 00:00:00.003 . Memory (MB): peak = 1648.055 ; gain = 0.000
Wrote PlaceDB: Time (s): cpu = 00:00:00 ; elapsed = 00:00:00.002 . Memory (MB): peak = 1648.055 ; gain = 0.000
Wrote PulsedLatchDB: Time (s): cpu = 00:00:00 ; elapsed = 00:00:00 . Memory (MB): peak = 1648.055 ; gain = 0.000
Writing XDEF routing.
Writing XDEF routing logical nets.
Writing XDEF routing special nets.
Wrote RouteStorage: Time (s): cpu = 00:00:00 ; elapsed = 00:00:00.013 . Memory (MB): peak = 1648.055 ; gain = 0.000
Wrote Netlist Cache: Time (s): cpu = 00:00:00 ; elapsed = 00:00:00 . Memory (MB): peak = 1648.055 ; gain = 0.000
Wrote Device Cache: Time (s): cpu = 00:00:00 ; elapsed = 00:00:00.007 . Memory (MB): peak = 1648.055 ; gain = 0.000
Write Physdb Complete: Time (s): cpu = 00:00:00 ; elapsed = 00:00:00.026 . Memory (MB): peak = 1648.055 ; gain = 0.000
INFO: [Common 17-1381] The checkpoint 'C:/git/ENEL-453-Final-Project/ENEL 453 Final Project/ENEL 453 Final Project.runs/impl_1/Lab7_Top_Level_opt.dcp' has been generated.
Command: place_design
Attempting to get a license for feature 'Implementation' and/or device 'xc7a35t'
INFO: [Common 17-349] Got license for feature 'Implementation' and/or device 'xc7a35t'
INFO: [Common 17-83] Releasing license: Implementation
INFO: [DRC 23-27] Running DRC with 2 threads
INFO: [Vivado_Tcl 4-198] DRC finished with 0 Errors
INFO: [Vivado_Tcl 4-199] Please refer to the DRC report (report_drc) for more information.
Running DRC as a precondition to command place_design
INFO: [DRC 23-27] Running DRC with 2 threads
INFO: [Vivado_Tcl 4-198] DRC finished with 0 Errors
INFO: [Vivado_Tcl 4-199] Please refer to the DRC report (report_drc) for more information.
INFO: [Place 30-611] Multithreading enabled for place_design using a maximum of 2 CPUs

Starting Placer Task

Phase 1 Placer Initialization

Phase 1.1 Placer Initialization Netlist Sorting
Netlist sorting complete. Time (s): cpu = 00:00:00 ; elapsed = 00:00:00 . Memory (MB): peak = 1648.055 ; gain = 0.000
Phase 1.1 Placer Initialization Netlist Sorting | Checksum: 236f9eff7

Time (s): cpu = 00:00:00 ; elapsed = 00:00:00.001 . Memory (MB): peak = 1648.055 ; gain = 0.000
Netlist sorting complete. Time (s): cpu = 00:00:00 ; elapsed = 00:00:00.001 . Memory (MB): peak = 1648.055 ; gain = 0.000

Phase 1.2 IO Placement/ Clock Placement/ Build Placer Device
INFO: [Timing 38-35] Done setting XDC timing constraints.
WARNING: [Place 30-87] Partially locked IO Bus is found. Following components of the IO Bus switches_inputs are not locked:  'switches_inputs[2]' 
Phase 1.2 IO Placement/ Clock Placement/ Build Placer Device | Checksum: 138d370d4

Time (s): cpu = 00:00:00 ; elapsed = 00:00:00.156 . Memory (MB): peak = 1648.055 ; gain = 0.000

Phase 1.3 Build Placer Netlist Model
Phase 1.3 Build Placer Netlist Model | Checksum: 19e8cab60

Time (s): cpu = 00:00:00 ; elapsed = 00:00:00.382 . Memory (MB): peak = 1648.055 ; gain = 0.000

Phase 1.4 Constrain Clocks/Macros
Phase 1.4 Constrain Clocks/Macros | Checksum: 19e8cab60

Time (s): cpu = 00:00:00 ; elapsed = 00:00:00.384 . Memory (MB): peak = 1648.055 ; gain = 0.000
Phase 1 Placer Initialization | Checksum: 19e8cab60

Time (s): cpu = 00:00:00 ; elapsed = 00:00:00.387 . Memory (MB): peak = 1648.055 ; gain = 0.000

Phase 2 Global Placement

Phase 2.1 Floorplanning
Phase 2.1 Floorplanning | Checksum: 233f1ab7a

Time (s): cpu = 00:00:00 ; elapsed = 00:00:00.463 . Memory (MB): peak = 1648.055 ; gain = 0.000

Phase 2.2 Update Timing before SLR Path Opt
Phase 2.2 Update Timing before SLR Path Opt | Checksum: 1b02e36c7

Time (s): cpu = 00:00:00 ; elapsed = 00:00:00.544 . Memory (MB): peak = 1648.055 ; gain = 0.000

Phase 2.3 Post-Processing in Floorplanning
Phase 2.3 Post-Processing in Floorplanning | Checksum: 1b02e36c7

Time (s): cpu = 00:00:00 ; elapsed = 00:00:00.546 . Memory (MB): peak = 1648.055 ; gain = 0.000

Phase 2.4 Global Place Phase1
Phase 2.4 Global Place Phase1 | Checksum: 1f6b75aac

Time (s): cpu = 00:00:02 ; elapsed = 00:00:02 . Memory (MB): peak = 1648.055 ; gain = 0.000

Phase 2.5 Global Place Phase2

Phase 2.5.1 UpdateTiming Before Physical Synthesis
Phase 2.5.1 UpdateTiming Before Physical Synthesis | Checksum: 19cccce37

Time (s): cpu = 00:00:02 ; elapsed = 00:00:02 . Memory (MB): peak = 1648.055 ; gain = 0.000

Phase 2.5.2 Physical Synthesis In Placer
INFO: [Physopt 32-1035] Found 0 LUTNM shape to break, 28 LUT instances to create LUTNM shape
INFO: [Physopt 32-1044] Break lutnm for timing: one critical 0, two critical 0, total 0, new lutff created 0
INFO: [Physopt 32-1138] End 1 Pass. Optimized 6 nets or LUTs. Breaked 0 LUT, combined 6 existing LUTs and moved 0 existing LUT
INFO: [Physopt 32-65] No nets found for high-fanout optimization.
INFO: [Physopt 32-232] Optimized 0 net. Created 0 new instance.
INFO: [Physopt 32-775] End 1 Pass. Optimized 0 net or cell. Created 0 new cell, deleted 0 existing cell and moved 0 existing cell
INFO: [Physopt 32-670] No setup violation found.  DSP Register Optimization was not performed.
INFO: [Physopt 32-670] No setup violation found.  Shift Register to Pipeline Optimization was not performed.
INFO: [Physopt 32-670] No setup violation found.  Shift Register Optimization was not performed.
INFO: [Physopt 32-670] No setup violation found.  BRAM Register Optimization was not performed.
INFO: [Physopt 32-670] No setup violation found.  URAM Register Optimization was not performed.
INFO: [Physopt 32-949] No candidate nets found for dynamic/static region interface net replication
INFO: [Physopt 32-775] End 1 Pass. Optimized 0 net or cell. Created 0 new cell, deleted 0 existing cell and moved 0 existing cell
Netlist sorting complete. Time (s): cpu = 00:00:00 ; elapsed = 00:00:00 . Memory (MB): peak = 1648.055 ; gain = 0.000

Summary of Physical Synthesis Optimizations
============================================


-----------------------------------------------------------------------------------------------------------------------------------------------------------
|  Optimization                                     |  Added Cells  |  Removed Cells  |  Optimized Cells/Nets  |  Dont Touch  |  Iterations  |  Elapsed   |
-----------------------------------------------------------------------------------------------------------------------------------------------------------
|  LUT Combining                                    |            0  |              6  |                     6  |           0  |           1  |  00:00:00  |
|  Retime                                           |            0  |              0  |                     0  |           0  |           1  |  00:00:00  |
|  Very High Fanout                                 |            0  |              0  |                     0  |           0  |           1  |  00:00:00  |
|  DSP Register                                     |            0  |              0  |                     0  |           0  |           0  |  00:00:00  |
|  Shift Register to Pipeline                       |            0  |              0  |                     0  |           0  |           0  |  00:00:00  |
|  Shift Register                                   |            0  |              0  |                     0  |           0  |           0  |  00:00:00  |
|  BRAM Register                                    |            0  |              0  |                     0  |           0  |           0  |  00:00:00  |
|  URAM Register                                    |            0  |              0  |                     0  |           0  |           0  |  00:00:00  |
|  Dynamic/Static Region Interface Net Replication  |            0  |              0  |                     0  |           0  |           1  |  00:00:00  |
|  Total                                            |            0  |              6  |                     6  |           0  |           4  |  00:00:00  |
-----------------------------------------------------------------------------------------------------------------------------------------------------------


Phase 2.5.2 Physical Synthesis In Placer | Checksum: 1cbe11c06

Time (s): cpu = 00:00:02 ; elapsed = 00:00:02 . Memory (MB): peak = 1648.055 ; gain = 0.000
Phase 2.5 Global Place Phase2 | Checksum: 1f4d57b45

Time (s): cpu = 00:00:03 ; elapsed = 00:00:02 . Memory (MB): peak = 1648.055 ; gain = 0.000
Phase 2 Global Placement | Checksum: 1f4d57b45

Time (s): cpu = 00:00:03 ; elapsed = 00:00:02 . Memory (MB): peak = 1648.055 ; gain = 0.000

Phase 3 Detail Placement

Phase 3.1 Commit Multi Column Macros
Phase 3.1 Commit Multi Column Macros | Checksum: 23042fbaa

Time (s): cpu = 00:00:03 ; elapsed = 00:00:02 . Memory (MB): peak = 1648.055 ; gain = 0.000

Phase 3.2 Commit Most Macros & LUTRAMs
Phase 3.2 Commit Most Macros & LUTRAMs | Checksum: 11cd00f2f

Time (s): cpu = 00:00:03 ; elapsed = 00:00:02 . Memory (MB): peak = 1648.055 ; gain = 0.000

Phase 3.3 Area Swap Optimization
Phase 3.3 Area Swap Optimization | Checksum: 14df83aaa

Time (s): cpu = 00:00:03 ; elapsed = 00:00:02 . Memory (MB): peak = 1648.055 ; gain = 0.000

Phase 3.4 Pipeline Register Optimization
Phase 3.4 Pipeline Register Optimization | Checksum: 181f6ac80

Time (s): cpu = 00:00:03 ; elapsed = 00:00:02 . Memory (MB): peak = 1648.055 ; gain = 0.000

Phase 3.5 Small Shape Detail Placement
Phase 3.5 Small Shape Detail Placement | Checksum: 193979b00

Time (s): cpu = 00:00:03 ; elapsed = 00:00:02 . Memory (MB): peak = 1648.055 ; gain = 0.000

Phase 3.6 Re-assign LUT pins
Phase 3.6 Re-assign LUT pins | Checksum: 1bbff43a9

Time (s): cpu = 00:00:03 ; elapsed = 00:00:02 . Memory (MB): peak = 1648.055 ; gain = 0.000

Phase 3.7 Pipeline Register Optimization
Phase 3.7 Pipeline Register Optimization | Checksum: 1e805d55f

Time (s): cpu = 00:00:03 ; elapsed = 00:00:02 . Memory (MB): peak = 1648.055 ; gain = 0.000
Phase 3 Detail Placement | Checksum: 1e805d55f

Time (s): cpu = 00:00:03 ; elapsed = 00:00:02 . Memory (MB): peak = 1648.055 ; gain = 0.000

Phase 4 Post Placement Optimization and Clean-Up

Phase 4.1 Post Commit Optimization
INFO: [Timing 38-35] Done setting XDC timing constraints.

Phase 4.1.1 Post Placement Optimization
Post Placement Optimization Initialization | Checksum: 288071712

Phase 4.1.1.1 BUFG Insertion

Starting Physical Synthesis Task

Phase 1 Physical Synthesis Initialization
INFO: [Physopt 32-721] Multithreading enabled for phys_opt_design using a maximum of 2 CPUs
INFO: [Physopt 32-619] Estimated Timing Summary | WNS=0.896 | TNS=0.000 |
Phase 1 Physical Synthesis Initialization | Checksum: 262b1d030

Time (s): cpu = 00:00:00 ; elapsed = 00:00:00.049 . Memory (MB): peak = 1664.117 ; gain = 0.000
INFO: [Place 46-56] BUFG insertion identified 0 candidate nets. Inserted BUFG: 0, Replicated BUFG Driver: 0, Skipped due to Placement/Routing Conflicts: 0, Skipped due to Timing Degradation: 0, Skipped due to netlist editing failed: 0.
Ending Physical Synthesis Task | Checksum: 23c6a4873

Time (s): cpu = 00:00:01 ; elapsed = 00:00:00.055 . Memory (MB): peak = 1664.117 ; gain = 0.000
Phase 4.1.1.1 BUFG Insertion | Checksum: 288071712

Time (s): cpu = 00:00:04 ; elapsed = 00:00:03 . Memory (MB): peak = 1664.117 ; gain = 16.062

Phase 4.1.1.2 Post Placement Timing Optimization
INFO: [Place 30-746] Post Placement Timing Summary WNS=0.896. For the most accurate timing information please run report_timing.
Phase 4.1.1.2 Post Placement Timing Optimization | Checksum: 1f4023903

Time (s): cpu = 00:00:04 ; elapsed = 00:00:03 . Memory (MB): peak = 1664.117 ; gain = 16.062

Time (s): cpu = 00:00:04 ; elapsed = 00:00:03 . Memory (MB): peak = 1664.117 ; gain = 16.062
Phase 4.1 Post Commit Optimization | Checksum: 1f4023903

Time (s): cpu = 00:00:04 ; elapsed = 00:00:03 . Memory (MB): peak = 1664.117 ; gain = 16.062

Phase 4.2 Post Placement Cleanup
Phase 4.2 Post Placement Cleanup | Checksum: 1f4023903

Time (s): cpu = 00:00:04 ; elapsed = 00:00:03 . Memory (MB): peak = 1664.117 ; gain = 16.062

Phase 4.3 Placer Reporting

Phase 4.3.1 Print Estimated Congestion
INFO: [Place 30-612] Post-Placement Estimated Congestion 
 ____________________________________________________
|           | Global Congestion | Short Congestion  |
| Direction | Region Size       | Region Size       |
|___________|___________________|___________________|
|      North|                1x1|                1x1|
|___________|___________________|___________________|
|      South|                1x1|                1x1|
|___________|___________________|___________________|
|       East|                1x1|                1x1|
|___________|___________________|___________________|
|       West|                1x1|                1x1|
|___________|___________________|___________________|

Phase 4.3.1 Print Estimated Congestion | Checksum: 1f4023903

Time (s): cpu = 00:00:04 ; elapsed = 00:00:03 . Memory (MB): peak = 1664.117 ; gain = 16.062
Phase 4.3 Placer Reporting | Checksum: 1f4023903

Time (s): cpu = 00:00:04 ; elapsed = 00:00:03 . Memory (MB): peak = 1664.117 ; gain = 16.062

Phase 4.4 Final Placement Cleanup
Netlist sorting complete. Time (s): cpu = 00:00:00 ; elapsed = 00:00:00 . Memory (MB): peak = 1664.117 ; gain = 0.000

Time (s): cpu = 00:00:04 ; elapsed = 00:00:03 . Memory (MB): peak = 1664.117 ; gain = 16.062
Phase 4 Post Placement Optimization and Clean-Up | Checksum: 1c27a4524

Time (s): cpu = 00:00:04 ; elapsed = 00:00:03 . Memory (MB): peak = 1664.117 ; gain = 16.062
Ending Placer Task | Checksum: 15ea3058c

Time (s): cpu = 00:00:04 ; elapsed = 00:00:03 . Memory (MB): peak = 1664.117 ; gain = 16.062
65 Infos, 1 Warnings, 0 Critical Warnings and 0 Errors encountered.
place_design completed successfully
INFO: [Vivado 12-24838] Running report commands "report_control_sets, report_io, report_utilization" in parallel.
Running report generation with 2 threads.
INFO: [Vivado 12-24828] Executing command : report_utilization -file Lab7_Top_Level_utilization_placed.rpt -pb Lab7_Top_Level_utilization_placed.pb
INFO: [Vivado 12-24828] Executing command : report_control_sets -verbose -file Lab7_Top_Level_control_sets_placed.rpt
report_control_sets: Time (s): cpu = 00:00:00 ; elapsed = 00:00:00.004 . Memory (MB): peak = 1664.117 ; gain = 0.000
INFO: [Vivado 12-24828] Executing command : report_io -file Lab7_Top_Level_io_placed.rpt
report_io: Time (s): cpu = 00:00:00 ; elapsed = 00:00:00.037 . Memory (MB): peak = 1664.117 ; gain = 0.000
INFO: [Timing 38-480] Writing timing data to binary archive.
Write ShapeDB Complete: Time (s): cpu = 00:00:00 ; elapsed = 00:00:00.004 . Memory (MB): peak = 1664.305 ; gain = 0.000
Wrote PlaceDB: Time (s): cpu = 00:00:00 ; elapsed = 00:00:00.083 . Memory (MB): peak = 1666.203 ; gain = 1.898
Wrote PulsedLatchDB: Time (s): cpu = 00:00:00 ; elapsed = 00:00:00 . Memory (MB): peak = 1666.203 ; gain = 0.000
Writing XDEF routing.
Writing XDEF routing logical nets.
Writing XDEF routing special nets.
Wrote RouteStorage: Time (s): cpu = 00:00:00 ; elapsed = 00:00:00.012 . Memory (MB): peak = 1666.203 ; gain = 0.000
Wrote Netlist Cache: Time (s): cpu = 00:00:00 ; elapsed = 00:00:00.001 . Memory (MB): peak = 1666.203 ; gain = 0.000
Wrote Device Cache: Time (s): cpu = 00:00:00 ; elapsed = 00:00:00.004 . Memory (MB): peak = 1666.203 ; gain = 0.000
Write Physdb Complete: Time (s): cpu = 00:00:00 ; elapsed = 00:00:00.105 . Memory (MB): peak = 1666.203 ; gain = 1.898
INFO: [Common 17-1381] The checkpoint 'C:/git/ENEL-453-Final-Project/ENEL 453 Final Project/ENEL 453 Final Project.runs/impl_1/Lab7_Top_Level_placed.dcp' has been generated.
Command: phys_opt_design
Attempting to get a license for feature 'Implementation' and/or device 'xc7a35t'
INFO: [Common 17-349] Got license for feature 'Implementation' and/or device 'xc7a35t'

Starting Initial Update Timing Task

Time (s): cpu = 00:00:00 ; elapsed = 00:00:00.123 . Memory (MB): peak = 1666.203 ; gain = 0.000
INFO: [Vivado_Tcl 4-2279] Estimated Timing Summary | WNS= 0.896 | TNS= 0.000 | 
INFO: [Vivado_Tcl 4-383] Design worst setup slack (WNS) is greater than or equal to 0.000 ns. All physical synthesis setup optimizations will be skipped.
INFO: [Vivado_Tcl 4-232] No setup violation found. The netlist was not modified.
INFO: [Common 17-83] Releasing license: Implementation
76 Infos, 1 Warnings, 0 Critical Warnings and 0 Errors encountered.
phys_opt_design completed successfully
INFO: [Timing 38-480] Writing timing data to binary archive.
Write ShapeDB Complete: Time (s): cpu = 00:00:00 ; elapsed = 00:00:00.006 . Memory (MB): peak = 1674.484 ; gain = 0.039
Wrote PlaceDB: Time (s): cpu = 00:00:01 ; elapsed = 00:00:00.085 . Memory (MB): peak = 1676.398 ; gain = 1.914
Wrote PulsedLatchDB: Time (s): cpu = 00:00:00 ; elapsed = 00:00:00 . Memory (MB): peak = 1676.398 ; gain = 0.000
Writing XDEF routing.
Writing XDEF routing logical nets.
Writing XDEF routing special nets.
Wrote RouteStorage: Time (s): cpu = 00:00:00 ; elapsed = 00:00:00.012 . Memory (MB): peak = 1676.398 ; gain = 0.000
Wrote Netlist Cache: Time (s): cpu = 00:00:00 ; elapsed = 00:00:00.002 . Memory (MB): peak = 1676.398 ; gain = 0.000
Wrote Device Cache: Time (s): cpu = 00:00:00 ; elapsed = 00:00:00.004 . Memory (MB): peak = 1676.398 ; gain = 0.000
Write Physdb Complete: Time (s): cpu = 00:00:01 ; elapsed = 00:00:00.110 . Memory (MB): peak = 1676.398 ; gain = 1.914
INFO: [Common 17-1381] The checkpoint 'C:/git/ENEL-453-Final-Project/ENEL 453 Final Project/ENEL 453 Final Project.runs/impl_1/Lab7_Top_Level_physopt.dcp' has been generated.
Command: route_design
Attempting to get a license for feature 'Implementation' and/or device 'xc7a35t'
INFO: [Common 17-349] Got license for feature 'Implementation' and/or device 'xc7a35t'


Starting Routing Task
INFO: [Route 35-254] Multithreading enabled for route_design using a maximum of 2 CPUs

Phase 1 Build RT Design
Checksum: PlaceDB: 31133993 ConstDB: 0 ShapeSum: 8d0e6fa2 RouteDB: a0815c57
Post Restoration Checksum: NetGraph: 8d81e890 | NumContArr: a8a897e5 | Constraints: c2a8fa9d | Timing: c2a8fa9d
Phase 1 Build RT Design | Checksum: 2bb7c75af

Time (s): cpu = 00:00:13 ; elapsed = 00:00:13 . Memory (MB): peak = 1773.062 ; gain = 96.664

Phase 2 Router Initialization

Phase 2.1 Fix Topology Constraints
Phase 2.1 Fix Topology Constraints | Checksum: 2bb7c75af

Time (s): cpu = 00:00:13 ; elapsed = 00:00:13 . Memory (MB): peak = 1773.062 ; gain = 96.664

Phase 2.2 Pre Route Cleanup
Phase 2.2 Pre Route Cleanup | Checksum: 2bb7c75af

Time (s): cpu = 00:00:13 ; elapsed = 00:00:13 . Memory (MB): peak = 1773.062 ; gain = 96.664
 Number of Nodes with overlaps = 0

Phase 2.3 Update Timing
Phase 2.3 Update Timing | Checksum: 225b027ee

Time (s): cpu = 00:00:14 ; elapsed = 00:00:13 . Memory (MB): peak = 1803.129 ; gain = 126.730
INFO: [Route 35-416] Intermediate Timing Summary | WNS=1.053  | TNS=0.000  | WHS=-0.140 | THS=-30.603|


Router Utilization Summary
  Global Vertical Routing Utilization    = 0 %
  Global Horizontal Routing Utilization  = 0 %
  Routable Net Status*
  *Does not include unroutable nets such as driverless and loadless.
  Run report_route_status for detailed report.
  Number of Failed Nets               = 1467
    (Failed Nets is the sum of unrouted and partially routed nets)
  Number of Unrouted Nets             = 1467
  Number of Partially Routed Nets     = 0
  Number of Node Overlaps             = 0

Phase 2 Router Initialization | Checksum: 26677b7ee

Time (s): cpu = 00:00:14 ; elapsed = 00:00:13 . Memory (MB): peak = 1803.129 ; gain = 126.730

Phase 3 Global Routing
Phase 3 Global Routing | Checksum: 26677b7ee

Time (s): cpu = 00:00:14 ; elapsed = 00:00:13 . Memory (MB): peak = 1803.129 ; gain = 126.730

Phase 4 Initial Routing

Phase 4.1 Initial Net Routing Pass
Phase 4.1 Initial Net Routing Pass | Checksum: 2943ab951

Time (s): cpu = 00:00:14 ; elapsed = 00:00:13 . Memory (MB): peak = 1803.129 ; gain = 126.730
Phase 4 Initial Routing | Checksum: 2943ab951

Time (s): cpu = 00:00:14 ; elapsed = 00:00:13 . Memory (MB): peak = 1803.129 ; gain = 126.730

Phase 5 Rip-up And Reroute

Phase 5.1 Global Iteration 0
 Number of Nodes with overlaps = 139
 Number of Nodes with overlaps = 40
 Number of Nodes with overlaps = 16
 Number of Nodes with overlaps = 6
 Number of Nodes with overlaps = 5
 Number of Nodes with overlaps = 3
 Number of Nodes with overlaps = 0
INFO: [Route 35-416] Intermediate Timing Summary | WNS=0.826  | TNS=0.000  | WHS=N/A    | THS=N/A    |

Phase 5.1 Global Iteration 0 | Checksum: 2e95abe86

Time (s): cpu = 00:00:15 ; elapsed = 00:00:14 . Memory (MB): peak = 1803.129 ; gain = 126.730
Phase 5 Rip-up And Reroute | Checksum: 2e95abe86

Time (s): cpu = 00:00:15 ; elapsed = 00:00:14 . Memory (MB): peak = 1803.129 ; gain = 126.730

Phase 6 Delay and Skew Optimization

Phase 6.1 Delay CleanUp

Phase 6.1.1 Update Timing
Phase 6.1.1 Update Timing | Checksum: 266c42995

Time (s): cpu = 00:00:15 ; elapsed = 00:00:14 . Memory (MB): peak = 1803.129 ; gain = 126.730
INFO: [Route 35-416] Intermediate Timing Summary | WNS=0.906  | TNS=0.000  | WHS=N/A    | THS=N/A    |

Phase 6.1 Delay CleanUp | Checksum: 266c42995

Time (s): cpu = 00:00:15 ; elapsed = 00:00:14 . Memory (MB): peak = 1803.129 ; gain = 126.730

Phase 6.2 Clock Skew Optimization
Phase 6.2 Clock Skew Optimization | Checksum: 266c42995

Time (s): cpu = 00:00:15 ; elapsed = 00:00:14 . Memory (MB): peak = 1803.129 ; gain = 126.730
Phase 6 Delay and Skew Optimization | Checksum: 266c42995

Time (s): cpu = 00:00:15 ; elapsed = 00:00:14 . Memory (MB): peak = 1803.129 ; gain = 126.730

Phase 7 Post Hold Fix

Phase 7.1 Hold Fix Iter
INFO: [Route 35-416] Intermediate Timing Summary | WNS=0.906  | TNS=0.000  | WHS=0.038  | THS=0.000  |

Phase 7.1 Hold Fix Iter | Checksum: 2364579fb

Time (s): cpu = 00:00:15 ; elapsed = 00:00:14 . Memory (MB): peak = 1803.129 ; gain = 126.730
Phase 7 Post Hold Fix | Checksum: 2364579fb

Time (s): cpu = 00:00:15 ; elapsed = 00:00:14 . Memory (MB): peak = 1803.129 ; gain = 126.730

Phase 8 Route finalize

Router Utilization Summary
  Global Vertical Routing Utilization    = 0.374153 %
  Global Horizontal Routing Utilization  = 0.434669 %
  Routable Net Status*
  *Does not include unroutable nets such as driverless and loadless.
  Run report_route_status for detailed report.
  Number of Failed Nets               = 0
    (Failed Nets is the sum of unrouted and partially routed nets)
  Number of Unrouted Nets             = 0
  Number of Partially Routed Nets     = 0
  Number of Node Overlaps             = 0

Phase 8 Route finalize | Checksum: 2364579fb

Time (s): cpu = 00:00:15 ; elapsed = 00:00:14 . Memory (MB): peak = 1803.129 ; gain = 126.730

Phase 9 Verifying routed nets

 Verification completed successfully
Phase 9 Verifying routed nets | Checksum: 2364579fb

Time (s): cpu = 00:00:15 ; elapsed = 00:00:14 . Memory (MB): peak = 1803.129 ; gain = 126.730

Phase 10 Depositing Routes
Phase 10 Depositing Routes | Checksum: 183ef1918

Time (s): cpu = 00:00:15 ; elapsed = 00:00:14 . Memory (MB): peak = 1803.129 ; gain = 126.730

Phase 11 Post Process Routing
Phase 11 Post Process Routing | Checksum: 183ef1918

Time (s): cpu = 00:00:15 ; elapsed = 00:00:14 . Memory (MB): peak = 1803.129 ; gain = 126.730

Phase 12 Post Router Timing
INFO: [Route 35-57] Estimated Timing Summary | WNS=0.906  | TNS=0.000  | WHS=0.038  | THS=0.000  |

INFO: [Route 35-327] The final timing numbers are based on the router estimated timing analysis. For a complete and accurate timing signoff, please run report_timing_summary.
Phase 12 Post Router Timing | Checksum: 183ef1918

Time (s): cpu = 00:00:16 ; elapsed = 00:00:14 . Memory (MB): peak = 1803.129 ; gain = 126.730
Total Elapsed time in route_design: 14.08 secs

Phase 13 Post-Route Event Processing
Phase 13 Post-Route Event Processing | Checksum: 177224a59

Time (s): cpu = 00:00:16 ; elapsed = 00:00:14 . Memory (MB): peak = 1803.129 ; gain = 126.730
INFO: [Route 35-16] Router Completed Successfully
Ending Routing Task | Checksum: 177224a59

Time (s): cpu = 00:00:16 ; elapsed = 00:00:14 . Memory (MB): peak = 1803.129 ; gain = 126.730

Routing Is Done.
INFO: [Common 17-83] Releasing license: Implementation
88 Infos, 1 Warnings, 0 Critical Warnings and 0 Errors encountered.
route_design completed successfully
route_design: Time (s): cpu = 00:00:16 ; elapsed = 00:00:14 . Memory (MB): peak = 1803.129 ; gain = 126.730
INFO: [Vivado 12-24828] Executing command : report_drc -file Lab7_Top_Level_drc_routed.rpt -pb Lab7_Top_Level_drc_routed.pb -rpx Lab7_Top_Level_drc_routed.rpx
Command: report_drc -file Lab7_Top_Level_drc_routed.rpt -pb Lab7_Top_Level_drc_routed.pb -rpx Lab7_Top_Level_drc_routed.rpx
INFO: [IP_Flow 19-1839] IP Catalog is up to date.
INFO: [DRC 23-27] Running DRC with 2 threads
INFO: [Vivado_Tcl 2-168] The results of DRC are in file C:/git/ENEL-453-Final-Project/ENEL 453 Final Project/ENEL 453 Final Project.runs/impl_1/Lab7_Top_Level_drc_routed.rpt.
report_drc completed successfully
INFO: [Vivado 12-24828] Executing command : report_methodology -file Lab7_Top_Level_methodology_drc_routed.rpt -pb Lab7_Top_Level_methodology_drc_routed.pb -rpx Lab7_Top_Level_methodology_drc_routed.rpx
Command: report_methodology -file Lab7_Top_Level_methodology_drc_routed.rpt -pb Lab7_Top_Level_methodology_drc_routed.pb -rpx Lab7_Top_Level_methodology_drc_routed.rpx
INFO: [Timing 38-35] Done setting XDC timing constraints.
INFO: [DRC 23-133] Running Methodology with 2 threads
INFO: [Vivado_Tcl 2-1520] The results of Report Methodology are in file C:/git/ENEL-453-Final-Project/ENEL 453 Final Project/ENEL 453 Final Project.runs/impl_1/Lab7_Top_Level_methodology_drc_routed.rpt.
report_methodology completed successfully
INFO: [Vivado 12-24828] Executing command : report_timing_summary -max_paths 10 -report_unconstrained -file Lab7_Top_Level_timing_summary_routed.rpt -pb Lab7_Top_Level_timing_summary_routed.pb -rpx Lab7_Top_Level_timing_summary_routed.rpx -warn_on_violation 
INFO: [Timing 38-35] Done setting XDC timing constraints.
INFO: [Timing 38-91] UpdateTimingParams: Speed grade: -1, Delay Type: min_max.
INFO: [Timing 38-191] Multithreading enabled for timing update using a maximum of 2 CPUs
INFO: [Vivado 12-24838] Running report commands "report_incremental_reuse, report_route_status" in parallel.
Running report generation with 2 threads.
INFO: [Vivado 12-24828] Executing command : report_route_status -file Lab7_Top_Level_route_status.rpt -pb Lab7_Top_Level_route_status.pb
INFO: [Vivado 12-24828] Executing command : report_incremental_reuse -file Lab7_Top_Level_incremental_reuse_routed.rpt
INFO: [Vivado_Tcl 4-1062] Incremental flow is disabled. No incremental reuse Info to report.
INFO: [Vivado 12-24828] Executing command : report_power -file Lab7_Top_Level_power_routed.rpt -pb Lab7_Top_Level_power_summary_routed.pb -rpx Lab7_Top_Level_power_routed.rpx
Command: report_power -file Lab7_Top_Level_power_routed.rpt -pb Lab7_Top_Level_power_summary_routed.pb -rpx Lab7_Top_Level_power_routed.rpx
Running Vector-less Activity Propagation...

Finished Running Vector-less Activity Propagation
105 Infos, 1 Warnings, 0 Critical Warnings and 0 Errors encountered.
report_power completed successfully
INFO: [Vivado 12-24828] Executing command : report_clock_utilization -file Lab7_Top_Level_clock_utilization_routed.rpt
INFO: [Vivado 12-24828] Executing command : report_bus_skew -warn_on_violation -file Lab7_Top_Level_bus_skew_routed.rpt -pb Lab7_Top_Level_bus_skew_routed.pb -rpx Lab7_Top_Level_bus_skew_routed.rpx
INFO: [Timing 38-91] UpdateTimingParams: Speed grade: -1, Delay Type: min_max.
INFO: [Timing 38-191] Multithreading enabled for timing update using a maximum of 2 CPUs
generate_parallel_reports: Time (s): cpu = 00:00:09 ; elapsed = 00:00:06 . Memory (MB): peak = 1879.379 ; gain = 76.250
INFO: [Timing 38-480] Writing timing data to binary archive.
Write ShapeDB Complete: Time (s): cpu = 00:00:00 ; elapsed = 00:00:00.005 . Memory (MB): peak = 1879.496 ; gain = 0.012
Wrote PlaceDB: Time (s): cpu = 00:00:01 ; elapsed = 00:00:00.088 . Memory (MB): peak = 1879.496 ; gain = 0.000
Wrote PulsedLatchDB: Time (s): cpu = 00:00:00 ; elapsed = 00:00:00 . Memory (MB): peak = 1879.496 ; gain = 0.000
Writing XDEF routing.
Writing XDEF routing logical nets.
Writing XDEF routing special nets.
Wrote RouteStorage: Time (s): cpu = 00:00:00 ; elapsed = 00:00:00.020 . Memory (MB): peak = 1879.496 ; gain = 0.000
Wrote Netlist Cache: Time (s): cpu = 00:00:00 ; elapsed = 00:00:00.002 . Memory (MB): peak = 1879.496 ; gain = 0.000
Wrote Device Cache: Time (s): cpu = 00:00:00 ; elapsed = 00:00:00.004 . Memory (MB): peak = 1879.496 ; gain = 0.000
Write Physdb Complete: Time (s): cpu = 00:00:01 ; elapsed = 00:00:00.118 . Memory (MB): peak = 1879.496 ; gain = 0.000
INFO: [Common 17-1381] The checkpoint 'C:/git/ENEL-453-Final-Project/ENEL 453 Final Project/ENEL 453 Final Project.runs/impl_1/Lab7_Top_Level_routed.dcp' has been generated.
Command: write_bitstream -force Lab7_Top_Level.bit
Attempting to get a license for feature 'Implementation' and/or device 'xc7a35t'
INFO: [Common 17-349] Got license for feature 'Implementation' and/or device 'xc7a35t'
Running DRC as a precondition to command write_bitstream
INFO: [IP_Flow 19-1839] IP Catalog is up to date.
INFO: [DRC 23-27] Running DRC with 2 threads
INFO: [Vivado 12-3199] DRC finished with 0 Errors
INFO: [Vivado 12-3200] Please refer to the DRC report (report_drc) for more information.
INFO: [Designutils 20-2272] Running write_bitstream with 2 threads.
Loading data files...
Loading site data...
Loading route data...
Processing options...
Creating bitmap...
Creating bitstream...
Bitstream compression saved 12675200 bits.
Writing bitstream ./Lab7_Top_Level.bit...
INFO: [Vivado 12-1842] Bitgen Completed Successfully.
INFO: [Project 1-1876] WebTalk data collection is mandatory when using a ULT device. To see the specific WebTalk data collected for your design, open the usage_statistics_webtalk.html or usage_statistics_webtalk.xml file in the implementation directory.
INFO: [Common 17-83] Releasing license: Implementation
120 Infos, 1 Warnings, 0 Critical Warnings and 0 Errors encountered.
write_bitstream completed successfully
write_bitstream: Time (s): cpu = 00:00:10 ; elapsed = 00:00:08 . Memory (MB): peak = 2384.133 ; gain = 504.637
INFO: [Common 17-206] Exiting Vivado at Thu Dec  4 14:22:29 2025...
